  Generate moc_predefs.h
C:\Program Files\Microsoft Visual Studio\2022\Community\MSBuild\Microsoft\VC\v170\Microsoft.CppCommon.targets(254,5): warning MSB8064: Custom build for item "debug\moc_predefs.h.cbt" succeeded, but specified dependency "c:\users\arnaud\documents\github\graphicus-03\graphicus-03\debug\moc_predefs.h.cbt" does not exist. This may cause incremental build to work incorrectly.
  couche.cpp
C:\Users\Arnaud\Documents\GitHub\Graphicus-03\Graphicus-03\couche.cpp(1,1): warning C4828: The file contains a character starting at offset 0x19e that is illegal in the current source character set (codepage 65001).
C:\Users\Arnaud\Documents\GitHub\Graphicus-03\Graphicus-03\couche.cpp(1,1): warning C4828: The file contains a character starting at offset 0x62e that is illegal in the current source character set (codepage 65001).
C:\Users\Arnaud\Documents\GitHub\Graphicus-03\Graphicus-03\vecteur.cpp(1,1): warning C4828: The file contains a character starting at offset 0x16c that is illegal in the current source character set (codepage 65001).
  (compiling source file 'couche.cpp')
  
C:\Users\Arnaud\Documents\GitHub\Graphicus-03\Graphicus-03\vecteur.cpp(1,1): warning C4828: The file contains a character starting at offset 0x1d6 that is illegal in the current source character set (codepage 65001).
  (compiling source file 'couche.cpp')
  
C:\Users\Arnaud\Documents\GitHub\Graphicus-03\Graphicus-03\vecteur.cpp(1,1): warning C4828: The file contains a character starting at offset 0x231 that is illegal in the current source character set (codepage 65001).
  (compiling source file 'couche.cpp')
  
C:\Users\Arnaud\Documents\GitHub\Graphicus-03\Graphicus-03\vecteur.cpp(1,1): warning C4828: The file contains a character starting at offset 0x25e that is illegal in the current source character set (codepage 65001).
  (compiling source file 'couche.cpp')
  
C:\Users\Arnaud\Documents\GitHub\Graphicus-03\Graphicus-03\vecteur.cpp(1,1): warning C4828: The file contains a character starting at offset 0x282 that is illegal in the current source character set (codepage 65001).
  (compiling source file 'couche.cpp')
  
C:\Users\Arnaud\Documents\GitHub\Graphicus-03\Graphicus-03\vecteur.cpp(1,1): warning C4828: The file contains a character starting at offset 0x36b that is illegal in the current source character set (codepage 65001).
  (compiling source file 'couche.cpp')
  
C:\Users\Arnaud\Documents\GitHub\Graphicus-03\Graphicus-03\vecteur.cpp(1,1): warning C4828: The file contains a character starting at offset 0x3a8 that is illegal in the current source character set (codepage 65001).
  (compiling source file 'couche.cpp')
  
C:\Users\Arnaud\Documents\GitHub\Graphicus-03\Graphicus-03\vecteur.cpp(1,1): warning C4828: The file contains a character starting at offset 0x645 that is illegal in the current source character set (codepage 65001).
  (compiling source file 'couche.cpp')
  
C:\Users\Arnaud\Documents\GitHub\Graphicus-03\Graphicus-03\vecteur.cpp(1,1): warning C4828: The file contains a character starting at offset 0x65e that is illegal in the current source character set (codepage 65001).
  (compiling source file 'couche.cpp')
  
C:\Users\Arnaud\Documents\GitHub\Graphicus-03\Graphicus-03\vecteur.cpp(1,1): warning C4828: The file contains a character starting at offset 0x730 that is illegal in the current source character set (codepage 65001).
  (compiling source file 'couche.cpp')
  
C:\Users\Arnaud\Documents\GitHub\Graphicus-03\Graphicus-03\vecteur.cpp(1,1): warning C4828: The file contains a character starting at offset 0x7d3 that is illegal in the current source character set (codepage 65001).
  (compiling source file 'couche.cpp')
  
C:\Users\Arnaud\Documents\GitHub\Graphicus-03\Graphicus-03\vecteur.cpp(1,1): warning C4828: The file contains a character starting at offset 0x7d6 that is illegal in the current source character set (codepage 65001).
  (compiling source file 'couche.cpp')
  
  Graphicus-03.vcxproj -> C:\Users\Arnaud\Documents\GitHub\Graphicus-03\Graphicus-03\debug\Graphicus-03.exe
